Info (PARAM): Deploy=false
Info (PARAM): UIToken=00000000000000000000000000000000
Info (PARAM): OCSendToUI=false
Info (PARAM): OCSendToFile=false
Info (PARAM): UIEnable=false
Info (PARAM): ClientsPort=7099
Info (ClientNetwork): Listening on port 7099.
Info (PARAM): ClientsConnectionTimeout=2147483647
Info (GameServer): 14 time spent to send the message.
Info (GameServer): 0 time spent to receive client messages with timeout 3000
Info (GameServer): 3 time spent to simulate events.
Info (PARAM): Client0Token=00000000000000000000000000000000
Info (AntGenerator): ./client
Info (ClientNetwork): Client accepted.
Info (GameServer): 11 time spent to send the message.
Info (GameServer): 3001 time spent to receive client messages with timeout 3000
Info (GameServer): 1 time spent to simulate events.
Info (GameServer): Simulation timeout passed by spending 3120 time!
Info (PARAM): Client1Token=00000000000000000000000000000000
Info (AntGenerator): ./client
Info (ClientNetwork): Client accepted.
Info (GameServer): 11 time spent to send the message.
Info (GameServer): 3000 time spent to receive client messages with timeout 3000
Info (GameServer): 1 time spent to simulate events.
Info (GameServer): Simulation timeout passed by spending 3028 time!
Info (PARAM): Client2Token=00000000000000000000000000000000
Info (AntGenerator): ./client
Info (ClientNetwork): Client accepted.
Info (GameServer): 12 time spent to send the message.
Info (GameServer): 3000 time spent to receive client messages with timeout 3000
Info (GameServer): 0 time spent to simulate events.
Info (GameServer): Simulation timeout passed by spending 3030 time!
Info (PARAM): Client3Token=00000000000000000000000000000000
Info (AntGenerator): ./client
Info (ClientNetwork): Client accepted.
Info (GameServer): 16 time spent to send the message.
Info (GameServer): 3000 time spent to receive client messages with timeout 3000
Info (GameServer): 13 time spent to simulate events.
Info (GameServer): Simulation timeout passed by spending 3047 time!
Info (GameServer): 26 time spent to send the message.
Info (GameServer): 3 time spent to receive client messages with timeout 3000
Info (GameServer): 65 time spent to simulate events.
Info (GameServer): 14 time spent to send the message.
Info (GameServer): 0 time spent to receive client messages with timeout 3000
Info (GameServer): 3 time spent to simulate events.
Info (GameServer): 16 time spent to send the message.
Info (GameServer): 0 time spent to receive client messages with timeout 3000
Info (GameServer): 3 time spent to simulate events.
Info (GameServer): 16 time spent to send the message.
Info (GameServer): 34 time spent to receive client messages with timeout 3000
Info (GameServer): 3 time spent to simulate events.
Info (GameServer): 17 time spent to send the message.
Info (GameServer): 75 time spent to receive client messages with timeout 3000
Info (GameServer): 2 time spent to simulate events.
Info (GameServer): 13 time spent to send the message.
Info (GameServer): 32 time spent to receive client messages with timeout 3000
Info (GameServer): 1 time spent to simulate events.
Info (GameServer): 14 time spent to send the message.
Info (GameServer): 33 time spent to receive client messages with timeout 3000
Info (GameServer): 2 time spent to simulate events.
Info (GameServer): 11 time spent to send the message.
Info (GameServer): 74 time spent to receive client messages with timeout 3000
Info (GameServer): 1 time spent to simulate events.
Info (GameServer): 12 time spent to send the message.
Info (GameServer): 33 time spent to receive client messages with timeout 3000
Info (GameServer): 2 time spent to simulate events.
Info (GameServer): 13 time spent to send the message.
Info (GameServer): 34 time spent to receive client messages with timeout 3000
Info (GameServer): 1 time spent to simulate events.
Info (GameServer): 12 time spent to send the message.
Info (GameServer): 77 time spent to receive client messages with timeout 3000
Info (GameServer): 4 time spent to simulate events.
Info (GameServer): 15 time spent to send the message.
Info (GameServer): 41 time spent to receive client messages with timeout 3000
Info (GameServer): 3 time spent to simulate events.
Info (GameServer): 14 time spent to send the message.
Info (GameServer): 42 time spent to receive client messages with timeout 3000
Info (GameServer): 4 time spent to simulate events.
Info (GameServer): 16 time spent to send the message.
Info (GameServer): 74 time spent to receive client messages with timeout 3000
Info (GameServer): 2 time spent to simulate events.
Info (GameServer): 12 time spent to send the message.
Info (GameServer): 33 time spent to receive client messages with timeout 3000
Info (GameServer): 2 time spent to simulate events.
Info (GameServer): 11 time spent to send the message.
Info (GameServer): 33 time spent to receive client messages with timeout 3000
Info (GameServer): 1 time spent to simulate events.
Info (GameServer): 11 time spent to send the message.
Info (GameServer): 73 time spent to receive client messages with timeout 3000
Info (GameServer): 0 time spent to simulate events.
Info (GameServer): 12 time spent to send the message.
Info (GameServer): 34 time spent to receive client messages with timeout 3000
Info (GameServer): 2 time spent to simulate events.
Info (GameServer): 24 time spent to send the message.
Info (GameServer): 36 time spent to receive client messages with timeout 3000
Info (GameServer): 0 time spent to simulate events.
Info (GameServer): 12 time spent to send the message.
Info (GameServer): 77 time spent to receive client messages with timeout 3000
Info (GameServer): 1 time spent to simulate events.
Info (GameServer): 14 time spent to send the message.
Info (GameServer): 32 time spent to receive client messages with timeout 3000
Info (GameServer): 0 time spent to simulate events.
Info (GameServer): 11 time spent to send the message.
Info (GameServer): 33 time spent to receive client messages with timeout 3000
Info (GameServer): 2 time spent to simulate events.
Info (GameServer): 14 time spent to send the message.
Info (GameServer): 73 time spent to receive client messages with timeout 3000
Info (GameServer): 1 time spent to simulate events.
Info (GameServer): 11 time spent to send the message.
Info (GameServer): 33 time spent to receive client messages with timeout 3000
Info (GameServer): 1 time spent to simulate events.
Info (GameServer): 11 time spent to send the message.
Info (GameServer): 33 time spent to receive client messages with timeout 3000
Info (GameServer): 2 time spent to simulate events.
Info (GameServer): 14 time spent to send the message.
Info (GameServer): 73 time spent to receive client messages with timeout 3000
Info (GameServer): 1 time spent to simulate events.
Info (GameServer): 11 time spent to send the message.
Info (GameServer): 33 time spent to receive client messages with timeout 3000
Info (GameServer): 2 time spent to simulate events.
Info (GameServer): 15 time spent to send the message.
Info (GameServer): 32 time spent to receive client messages with timeout 3000
Info (GameServer): 2 time spent to simulate events.
Info (GameServer): 13 time spent to send the message.
Info (GameServer): 81 time spent to receive client messages with timeout 3000
Info (GameServer): 2 time spent to simulate events.
Info (GameServer): 12 time spent to send the message.
Info (GameServer): 41 time spent to receive client messages with timeout 3000
Info (GameServer): 2 time spent to simulate events.
Info (GameServer): 13 time spent to send the message.
Info (GameServer): 43 time spent to receive client messages with timeout 3000
Info (GameServer): 1 time spent to simulate events.
Info (GameServer): 13 time spent to send the message.
Info (GameServer): 58 time spent to receive client messages with timeout 3000
Info (GameServer): 2 time spent to simulate events.
Info (GameServer): 14 time spent to send the message.
Info (GameServer): 56 time spent to receive client messages with timeout 3000
Info (GameServer): 2 time spent to simulate events.
Info (GameServer): 12 time spent to send the message.
Info (GameServer): 34 time spent to receive client messages with timeout 3000
Info (GameServer): 1 time spent to simulate events.
Info (GameServer): 11 time spent to send the message.
Info (GameServer): 74 time spent to receive client messages with timeout 3000
Info (GameServer): 1 time spent to simulate events.
Info (GameServer): 11 time spent to send the message.
Info (GameServer): 34 time spent to receive client messages with timeout 3000
Info (GameServer): 0 time spent to simulate events.
Info (GameServer): 11 time spent to send the message.
Info (GameServer): 34 time spent to receive client messages with timeout 3000
Info (GameServer): 0 time spent to simulate events.
Info (GameServer): 11 time spent to send the message.
Info (GameServer): 74 time spent to receive client messages with timeout 3000
Info (GameServer): 1 time spent to simulate events.
Info (GameServer): 10 time spent to send the message.
Info (GameServer): 32 time spent to receive client messages with timeout 3000
Info (GameServer): 1 time spent to simulate events.
Info (GameServer): 12 time spent to send the message.
Info (GameServer): 34 time spent to receive client messages with timeout 3000
Info (GameServer): 1 time spent to simulate events.
Info (GameServer): 12 time spent to send the message.
Info (GameServer): 75 time spent to receive client messages with timeout 3000
Info (GameServer): 1 time spent to simulate events.
Info (GameServer): 12 time spent to send the message.
Info (GameServer): 35 time spent to receive client messages with timeout 3000
Info (GameServer): 0 time spent to simulate events.
Info (GameServer): 12 time spent to send the message.
Info (GameServer): 81 time spent to receive client messages with timeout 3000
Info (GameServer): 1 time spent to simulate events.
Info (GameServer): 13 time spent to send the message.
Info (GameServer): 40 time spent to receive client messages with timeout 3000
Info (GameServer): 1 time spent to simulate events.
Info (GameServer): 11 time spent to send the message.
Info (GameServer): 81 time spent to receive client messages with timeout 3000
Info (GameServer): 1 time spent to simulate events.
Info (GameServer): 12 time spent to send the message.
Info (GameServer): 35 time spent to receive client messages with timeout 3000
Info (GameServer): 1 time spent to simulate events.
Info (GameServer): 11 time spent to send the message.
Info (GameServer): 76 time spent to receive client messages with timeout 3000
Info (GameServer): 1 time spent to simulate events.
Info (GameServer): 11 time spent to send the message.
Info (GameServer): 34 time spent to receive client messages with timeout 3000
Info (GameServer): 1 time spent to simulate events.
Info (GameServer): 12 time spent to send the message.
Info (GameServer): 75 time spent to receive client messages with timeout 3000
Info (GameServer): 1 time spent to simulate events.
Info (Game Finished): [32m Winner Colony ID: 0 [0m
Info (Killer!): Killing ants... [if not worked, kill them manually :)]
Info (ClientHandler3): Client Terminated at turn: 0
Info (ClientHandler2): Client Terminated at turn: 0
Info (ClientHandler0): Client Terminated at turn: 0
Info (ClientHandler1): Client Terminated at turn: 0
